<?xml version="1.0" encoding="UTF-8"?>
<!-- Generated by org.testng.reporters.JUnitReportReporter -->
<testsuite hostname="STIPL-SMBD0093" failures="0" tests="1" name="TestN.test" time="0.000" errors="0" timestamp="2024-07-26T18:43:54 IST" skipped="0">
  <testcase classname="TestN.test" name="Test023" time="0.000"/>
  <system-out/>
</testsuite> <!-- TestN.test -->
