<?xml version="1.0" encoding="UTF-8"?>
<!-- Generated by org.testng.reporters.JUnitReportReporter -->
<testsuite hostname="STIPL-SMBD0093" failures="0" tests="1" name="TestN.test" time="0.001" errors="0" timestamp="2024-08-01T19:25:27 IST" skipped="0">
  <testcase classname="TestN.test" name="Test023" time="0.001"/>
  <system-out/>
</testsuite> <!-- TestN.test -->
