<?xml version="1.0" encoding="UTF-8"?>
<!-- Generated by org.testng.reporters.JUnitReportReporter -->
<testsuite hostname="STIPL-SMBD0093" failures="0" tests="1" name="TestN.Test02" time="0.002" errors="0" timestamp="2024-08-01T19:25:27 IST" skipped="0">
  <testcase classname="TestN.Test02" name="run" time="0.002"/>
  <system-out/>
</testsuite> <!-- TestN.Test02 -->
