<?xml version="1.0" encoding="UTF-8"?>
<!-- Generated by org.testng.reporters.JUnitReportReporter -->
<testsuite hostname="STIPL-SMBD0093" failures="0" tests="1" name="TestN.Form_submit" time="26.221" errors="0" timestamp="2024-07-26T18:43:53 IST" skipped="0">
  <testcase classname="TestN.Form_submit" name="E2e" time="26.221"/>
  <system-out/>
</testsuite> <!-- TestN.Form_submit -->
