<?xml version="1.0" encoding="UTF-8"?>
<!-- Generated by org.testng.reporters.JUnitReportReporter -->
<testsuite hostname="STIPL-SMBD0093" failures="0" tests="1" name="TestN.Day2" time="0.002" errors="0" timestamp="2024-07-26T18:24:50 IST" skipped="0">
  <testcase classname="TestN.Day2" name="ploan" time="0.002"/>
  <system-out/>
</testsuite> <!-- TestN.Day2 -->
